#
# A fatal error has been detected by the Java Runtime Environment:
#
#  SIGFPE (0x8) at pc=0x000000011703c148, pid=21521, tid=8963
#
# JRE version: OpenJDK Runtime Environment (15.0.2+7) (build 15.0.2+7-27)
# Java VM: OpenJDK 64-Bit Server VM (15.0.2+7-27, mixed mode, tiered, compressed oops, g1 gc, bsd-amd64)
# Problematic frame:
# j  day18.Class2_TryCatch.main([Ljava/lang/String;)V+0
#
# No core dump will be written. Core dumps have been disabled. To enable core dumping, try "ulimit -c unlimited" before starting Java again
#
# If you would like to submit a bug report, please visit:
#   https://bugreport.java.com/bugreport/crash.jsp
#

---------------  S U M M A R Y ------------

Command Line: -Dfile.encoding=UTF-8 -XX:+ShowCodeDetailsInExceptionMessages day18.Class2_TryCatch

Host: MacBookAir10,1 x86_64 2400 MHz, 8 cores, 16G, Darwin 20.3.0
Time: Thu Apr 22 11:08:29 2021 KST elapsed time: 0.109809 seconds (0d 0h 0m 0s)

---------------  T H R E A D  ---------------

Current thread (0x00007fb15080e400):  JavaThread "main" [_thread_in_Java, id=8963, stack(0x000000030cf86000,0x000000030d086000)]

Stack: [0x000000030cf86000,0x000000030d086000],  sp=0x000000030d085ac8,  free space=1022k
Native frames: (J=compiled Java code, A=aot compiled Java code, j=interpreted, Vv=VM code, C=native code)
j  day18.Class2_TryCatch.main([Ljava/lang/String;)V+0
v  ~StubRoutines::call_stub
V  [libjvm.dylib+0x4ae582]  JavaCalls::call_helper(JavaValue*, methodHandle const&, JavaCallArguments*, Thread*)+0x2e2
V  [libjvm.dylib+0x50f169]  jni_invoke_static(JNIEnv_*, JavaValue*, _jobject*, JNICallType, _jmethodID*, JNI_ArgumentPusher*, Thread*)+0x1f9
V  [libjvm.dylib+0x51290e]  jni_CallStaticVoidMethod+0x19e
C  [libjli.dylib+0x4f3d]  JavaMain+0xc1d
C  [libjli.dylib+0x7659]  ThreadJavaMain+0x9
C  [libsystem_pthread.dylib+0x6950]  _pthread_start+0xe0
C  [libsystem_pthread.dylib+0x247b]  thread_start+0xf


siginfo: si_signo: 8 (SIGFPE), si_code: 5 (FPE_FLTINV), si_addr: 0x000000011703c148

Register to memory mapping:

RAX=0x0000000000000005 is an unknown value
RBX=0x000000000000006c is an unknown value
RCX=0x0 is NULL
RDX=0x0 is NULL
RSP=0x000000030d085ac8 is pointing into the stack for thread: 0x00007fb15080e400
RBP=0x000000030d085b10 is pointing into the stack for thread: 0x00007fb15080e400
RSI=0x0000000000000001 is an unknown value
RDI=0x0000000000000001 is an unknown value
R8 ={method} {0x0000000131c283c8} 'main' '([Ljava/lang/String;)V' in 'day18/Class2_TryCatch'
R9 =0x00007fb15041e230 points into unknown readable memory: 0x0000000131c283c8 | c8 83 c2 31 01 00 00 00
R10=0x0000000111c4b9c0: _ZN19TemplateInterpreter13_active_tableE+0x2000 in /Volumes/Eclipse/Eclipse.app/Contents/Eclipse/plugins/org.eclipse.justj.openjdk.hotspot.jre.full.macosx.x86_64_15.0.2.v20210201-0955/jre/lib/server/libjvm.dylib at 0x0000000111000000
R11=0x0 is NULL
R12=0x0 is NULL
R13=0x0000000131c2836e is pointing into metadata
R14=0x000000030d085b38 is pointing into the stack for thread: 0x00007fb15080e400
R15=0x00007fb15080e400 is a thread


Registers:
RAX=0x0000000000000005, RBX=0x000000000000006c, RCX=0x0000000000000000, RDX=0x0000000000000000
RSP=0x000000030d085ac8, RBP=0x000000030d085b10, RSI=0x0000000000000001, RDI=0x0000000000000001
R8 =0x0000000131c283c8, R9 =0x00007fb15041e230, R10=0x0000000111c4b9c0, R11=0x0000000000000000
R12=0x0000000000000000, R13=0x0000000131c2836e, R14=0x000000030d085b38, R15=0x00007fb15080e400
RIP=0x000000011703c148, EFLAGS=0x0000000000000a87, ERR=0x0000000000000000
  TRAPNO=0x0000000000000000

Top of Stack: (sp=0x000000030d085ac8)
0x000000030d085ac8:   000000030d085ac8 0000000131c28368
0x000000030d085ad8:   000000030d085b38 0000000131c28438
0x000000030d085ae8:   0000000000000000 000000070fefd8f8
0x000000030d085af8:   0000000131c283c8 0000000000000000
0x000000030d085b08:   000000030d085b38 000000030d085ba0
0x000000030d085b18:   0000000117028947 0000000000000000
0x000000030d085b28:   0000000000000000 0000000000000005
0x000000030d085b38:   000000070fefe480 df9851ae00001fa0
0x000000030d085b48:   00007fb15080e400 000000030d085ce0
0x000000030d085b58:   000000030d085e90 000000030d085cc8
0x000000030d085b68:   0000000000000001 000000030d085bf8
0x000000030d085b78:   000000030d085e98 000000000000000a
0x000000030d085b88:   0000000131c283c8 0000000117035f20
0x000000030d085b98:   000000030d085ce8 000000030d085c80
0x000000030d085ba8:   00000001114ae582 0000000000000001
0x000000030d085bb8:   00007fb15080e400 00007fb15080e400
0x000000030d085bc8:   00007fb15041dd30 00007fb15041de10
0x000000030d085bd8:   00007fb15041de20 00007fb15041def8
0x000000030d085be8:   00000000000000d8 00007fb15041dd70
0x000000030d085bf8:   00007fb15080e400 00007fb15041ed70
0x000000030d085c08:   0000000131c283c8 0000000000000000
0x000000030d085c18:   0000000000000000 0000000000000000
0x000000030d085c28:   0000000000000000 000000030d085e90
0x000000030d085c38:   00000002047efe7d 0000000117035f20
0x000000030d085c48:   000000000000000f 0000000a5080e400
0x000000030d085c58:   00007fb15080e400 0000000000000008
0x000000030d085c68:   000000030d085e90 00007fb15041dd00
0x000000030d085c78:   000000030d085ce0 000000030d085d90
0x000000030d085c88:   000000011150f169 00007fb15041e320
0x000000030d085c98:   00007fb15041e330 00007fb15080e400
0x000000030d085ca8:   000000030d085e50 00007fb15041e708
0x000000030d085cb8:   00000000000003d8 00007fb15080e728 

Instructions: (pc=0x000000011703c148)
0x000000011703c048:   84 be a7 11 01 00 00 00 6a 00 00 00 00 00 00 00
0x000000011703c058:   00 00 00 00 00 00 00 00 f3 0f 10 04 24 48 83 c4
0x000000011703c068:   08 f3 0f 59 04 24 48 83 c4 08 41 0f b6 5d 01 49
0x000000011703c078:   ff c5 49 ba c0 c9 c4 11 01 00 00 00 41 ff 24 da
0x000000011703c088:   00 00 00 00 00 00 00 00 00 00 00 00 00 00 00 00
0x000000011703c098:   00 00 00 00 00 00 00 00 60 00 00 00 00 00 00 00
0x000000011703c0a8:   89 be a7 11 01 00 00 00 6b 00 00 00 00 00 00 00
0x000000011703c0b8:   00 00 00 00 00 00 00 00 f2 0f 10 04 24 48 83 c4
0x000000011703c0c8:   10 f2 0f 59 04 24 48 83 c4 10 41 0f b6 5d 01 49
0x000000011703c0d8:   ff c5 49 ba c0 d1 c4 11 01 00 00 00 41 ff 24 da
0x000000011703c0e8:   00 00 00 00 00 00 00 00 00 00 00 00 00 00 00 00
0x000000011703c0f8:   00 00 00 00 00 00 00 00 60 00 00 00 00 00 00 00
0x000000011703c108:   8e be a7 11 01 00 00 00 6c 00 00 00 00 00 00 00
0x000000011703c118:   00 00 00 00 00 00 00 00 8b 04 24 48 83 c4 08 8b
0x000000011703c128:   c8 8b 04 24 48 83 c4 08 81 f8 00 00 00 80 0f 85
0x000000011703c138:   0b 00 00 00 33 d2 83 f9 ff 0f 84 03 00 00 00 99
0x000000011703c148:   f7 f9 41 0f b6 5d 01 49 ff c5 49 ba c0 b9 c4 11
0x000000011703c158:   01 00 00 00 41 ff 24 da 80 00 00 00 00 00 00 00
0x000000011703c168:   93 be a7 11 01 00 00 00 6d 00 00 00 00 00 00 00
0x000000011703c178:   00 00 00 00 00 00 00 00 48 8b 04 24 48 83 c4 10
0x000000011703c188:   48 8b c8 48 8b 04 24 48 83 c4 10 48 85 c9 0f 84
0x000000011703c198:   73 9a ff ff 48 3b 05 ad a9 ab fa 0f 85 0c 00 00
0x000000011703c1a8:   00 33 d2 48 83 f9 ff 0f 84 05 00 00 00 48 99 48
0x000000011703c1b8:   f7 f9 41 0f b6 5d 01 49 ff c5 49 ba c0 c1 c4 11
0x000000011703c1c8:   01 00 00 00 41 ff 24 da 00 00 00 00 00 00 00 00
0x000000011703c1d8:   00 00 00 00 00 00 00 00 60 00 00 00 00 00 00 00
0x000000011703c1e8:   98 be a7 11 01 00 00 00 6e 00 00 00 00 00 00 00
0x000000011703c1f8:   00 00 00 00 00 00 00 00 f3 0f 10 04 24 48 83 c4
0x000000011703c208:   08 0f 28 c8 f3 0f 10 04 24 48 83 c4 08 f3 0f 5e
0x000000011703c218:   c1 41 0f b6 5d 01 49 ff c5 49 ba c0 c9 c4 11 01
0x000000011703c228:   00 00 00 41 ff 24 da 90 00 00 00 00 00 00 00 00
0x000000011703c238:   00 00 00 00 00 00 00 00 60 00 00 00 00 00 00 00 


Stack slot to memory mapping:
stack at sp + 0 slots: 0x000000030d085ac8 is pointing into the stack for thread: 0x00007fb15080e400
stack at sp + 1 slots: 0x0000000131c28368 is pointing into metadata
stack at sp + 2 slots: 0x000000030d085b38 is pointing into the stack for thread: 0x00007fb15080e400
stack at sp + 3 slots: 0x0000000131c28438 is pointing into metadata
stack at sp + 4 slots: 0x0 is NULL
stack at sp + 5 slots: 0x000000070fefd8f8 is an oop: java.lang.Class 
{0x000000070fefd8f8} - klass: 'java/lang/Class'
stack at sp + 6 slots: {method} {0x0000000131c283c8} 'main' '([Ljava/lang/String;)V' in 'day18/Class2_TryCatch'
stack at sp + 7 slots: 0x0 is NULL

idiv  108 idiv  [0x000000011703c120, 0x000000011703c160]  64 bytes
[MachCode]
  0x000000011703c120: 8b04 2448 | 83c4 088b | c88b 0424 | 4883 c408 | 81f8 0000 | 0080 0f85 | 0b00 0000 | 33d2 83f9 
  0x000000011703c140: ff0f 8403 | 0000 0099 | f7f9 410f | b65d 0149 | ffc5 49ba | c0b9 c411 | 0100 0000 | 41ff 24da 
[/MachCode]

---------------  P R O C E S S  ---------------

Threads class SMR info:
_java_thread_list=0x00007fb150547fd0, length=10, elements={
0x00007fb15080e400, 0x00007fb151011000, 0x00007fb151011600, 0x00007fb151011c00,
0x00007fb151012200, 0x00007fb151013000, 0x00007fb130808200, 0x00007fb130808800,
0x00007fb151013600, 0x00007fb15100f400
}

Java Threads: ( => current thread )
=>0x00007fb15080e400 JavaThread "main" [_thread_in_Java, id=8963, stack(0x000000030cf86000,0x000000030d086000)]
  0x00007fb151011000 JavaThread "Reference Handler" daemon [_thread_blocked, id=15619, stack(0x000000030d69b000,0x000000030d79b000)]
  0x00007fb151011600 JavaThread "Finalizer" daemon [_thread_blocked, id=42755, stack(0x000000030d79e000,0x000000030d89e000)]
  0x00007fb151011c00 JavaThread "Signal Dispatcher" daemon [_thread_blocked, id=24067, stack(0x000000030d9af000,0x000000030daaf000)]
  0x00007fb151012200 JavaThread "Service Thread" daemon [_thread_blocked, id=39939, stack(0x000000030dab2000,0x000000030dbb2000)]
  0x00007fb151013000 JavaThread "C2 CompilerThread0" daemon [_thread_blocked, id=39171, stack(0x000000030dbb5000,0x000000030dcb5000)]
  0x00007fb130808200 JavaThread "C1 CompilerThread0" daemon [_thread_blocked, id=38403, stack(0x000000030dcb8000,0x000000030ddb8000)]
  0x00007fb130808800 JavaThread "Sweeper thread" daemon [_thread_blocked, id=37635, stack(0x000000030ddbb000,0x000000030debb000)]
  0x00007fb151013600 JavaThread "Notification Thread" daemon [_thread_blocked, id=26627, stack(0x000000030debe000,0x000000030dfbe000)]
  0x00007fb15100f400 JavaThread "Common-Cleaner" daemon [_thread_blocked, id=35843, stack(0x000000030e0c4000,0x000000030e1c4000)]

Other Threads:
  0x00007fb1504447b0 VMThread "VM Thread" [stack: 0x000000030d598000,0x000000030d698000] [id=16651]
  0x00007fb150542000 WatcherThread [stack: 0x000000030dfc1000,0x000000030e0c1000] [id=36355]
  0x00007fb15050fd90 GCTaskThread "GC Thread#0" [stack: 0x000000030d089000,0x000000030d189000] [id=13571]
  0x00007fb1504225c0 ConcurrentGCThread "G1 Main Marker" [stack: 0x000000030d18c000,0x000000030d28c000] [id=18179]
  0x00007fb150510ab0 ConcurrentGCThread "G1 Conc#0" [stack: 0x000000030d28f000,0x000000030d38f000] [id=14595]
  0x00007fb15052d830 ConcurrentGCThread "G1 Refine#0" [stack: 0x000000030d392000,0x000000030d492000] [id=14851]
  0x00007fb15052e8e0 ConcurrentGCThread "G1 Young RemSet Sampling" [stack: 0x000000030d495000,0x000000030d595000] [id=16899]

Threads with active compile tasks:

VM state: not at safepoint (normal execution)

VM Mutex/Monitor currently owned by a thread: None

Heap address: 0x0000000700000000, size: 4096 MB, Compressed Oops mode: Zero based, Oop shift amount: 3
CDS disabled.
Compressed class space mapped at: 0x0000000800000000-0x0000000840000000, size: 1073741824
Narrow klass base: 0x0000000800000000, Narrow klass shift: 0, Narrow klass range: 0x40000000

GC Precious Log:
 CPUs: 8 total, 8 available
 Memory: 16384M
 Large Page Support: Disabled
 NUMA Support: Disabled
 Compressed Oops: Enabled (Zero based)
 Heap Region Size: 2M
 Heap Min Capacity: 8M
 Heap Initial Capacity: 256M
 Heap Max Capacity: 4G
 Pre-touch: Disabled
 Parallel Workers: 8
 Concurrent Workers: 2
 Concurrent Refinement Workers: 8
 Periodic GC: Disabled

Heap:
 garbage-first heap   total 262144K, used 0K [0x0000000700000000, 0x0000000800000000)
  region size 2048K, 1 young (2048K), 0 survivors (0K)
 Metaspace       used 3578K, capacity 4486K, committed 4864K, reserved 1056768K
  class space    used 299K, capacity 386K, committed 512K, reserved 1048576K

Heap Regions: E=young(eden), S=young(survivor), O=old, HS=humongous(starts), HC=humongous(continues), CS=collection set, F=free, OA=open archive, CA=closed archive, TAMS=top-at-mark-start (previous, next)
|   0|0x0000000700000000, 0x0000000700000000, 0x0000000700200000|  0%| F|  |TAMS 0x0000000700000000, 0x0000000700000000| Untracked 
|   1|0x0000000700200000, 0x0000000700200000, 0x0000000700400000|  0%| F|  |TAMS 0x0000000700200000, 0x0000000700200000| Untracked 
|   2|0x0000000700400000, 0x0000000700400000, 0x0000000700600000|  0%| F|  |TAMS 0x0000000700400000, 0x0000000700400000| Untracked 
|   3|0x0000000700600000, 0x0000000700600000, 0x0000000700800000|  0%| F|  |TAMS 0x0000000700600000, 0x0000000700600000| Untracked 
|   4|0x0000000700800000, 0x0000000700800000, 0x0000000700a00000|  0%| F|  |TAMS 0x0000000700800000, 0x0000000700800000| Untracked 
|   5|0x0000000700a00000, 0x0000000700a00000, 0x0000000700c00000|  0%| F|  |TAMS 0x0000000700a00000, 0x0000000700a00000| Untracked 
|   6|0x0000000700c00000, 0x0000000700c00000, 0x0000000700e00000|  0%| F|  |TAMS 0x0000000700c00000, 0x0000000700c00000| Untracked 
|   7|0x0000000700e00000, 0x0000000700e00000, 0x0000000701000000|  0%| F|  |TAMS 0x0000000700e00000, 0x0000000700e00000| Untracked 
|   8|0x0000000701000000, 0x0000000701000000, 0x0000000701200000|  0%| F|  |TAMS 0x0000000701000000, 0x0000000701000000| Untracked 
|   9|0x0000000701200000, 0x0000000701200000, 0x0000000701400000|  0%| F|  |TAMS 0x0000000701200000, 0x0000000701200000| Untracked 
|  10|0x0000000701400000, 0x0000000701400000, 0x0000000701600000|  0%| F|  |TAMS 0x0000000701400000, 0x0000000701400000| Untracked 
|  11|0x0000000701600000, 0x0000000701600000, 0x0000000701800000|  0%| F|  |TAMS 0x0000000701600000, 0x0000000701600000| Untracked 
|  12|0x0000000701800000, 0x0000000701800000, 0x0000000701a00000|  0%| F|  |TAMS 0x0000000701800000, 0x0000000701800000| Untracked 
|  13|0x0000000701a00000, 0x0000000701a00000, 0x0000000701c00000|  0%| F|  |TAMS 0x0000000701a00000, 0x0000000701a00000| Untracked 
|  14|0x0000000701c00000, 0x0000000701c00000, 0x0000000701e00000|  0%| F|  |TAMS 0x0000000701c00000, 0x0000000701c00000| Untracked 
|  15|0x0000000701e00000, 0x0000000701e00000, 0x0000000702000000|  0%| F|  |TAMS 0x0000000701e00000, 0x0000000701e00000| Untracked 
|  16|0x0000000702000000, 0x0000000702000000, 0x0000000702200000|  0%| F|  |TAMS 0x0000000702000000, 0x0000000702000000| Untracked 
|  17|0x0000000702200000, 0x0000000702200000, 0x0000000702400000|  0%| F|  |TAMS 0x0000000702200000, 0x0000000702200000| Untracked 
|  18|0x0000000702400000, 0x0000000702400000, 0x0000000702600000|  0%| F|  |TAMS 0x0000000702400000, 0x0000000702400000| Untracked 
|  19|0x0000000702600000, 0x0000000702600000, 0x0000000702800000|  0%| F|  |TAMS 0x0000000702600000, 0x0000000702600000| Untracked 
|  20|0x0000000702800000, 0x0000000702800000, 0x0000000702a00000|  0%| F|  |TAMS 0x0000000702800000, 0x0000000702800000| Untracked 
|  21|0x0000000702a00000, 0x0000000702a00000, 0x0000000702c00000|  0%| F|  |TAMS 0x0000000702a00000, 0x0000000702a00000| Untracked 
|  22|0x0000000702c00000, 0x0000000702c00000, 0x0000000702e00000|  0%| F|  |TAMS 0x0000000702c00000, 0x0000000702c00000| Untracked 
|  23|0x0000000702e00000, 0x0000000702e00000, 0x0000000703000000|  0%| F|  |TAMS 0x0000000702e00000, 0x0000000702e00000| Untracked 
|  24|0x0000000703000000, 0x0000000703000000, 0x0000000703200000|  0%| F|  |TAMS 0x0000000703000000, 0x0000000703000000| Untracked 
|  25|0x0000000703200000, 0x0000000703200000, 0x0000000703400000|  0%| F|  |TAMS 0x0000000703200000, 0x0000000703200000| Untracked 
|  26|0x0000000703400000, 0x0000000703400000, 0x0000000703600000|  0%| F|  |TAMS 0x0000000703400000, 0x0000000703400000| Untracked 
|  27|0x0000000703600000, 0x0000000703600000, 0x0000000703800000|  0%| F|  |TAMS 0x0000000703600000, 0x0000000703600000| Untracked 
|  28|0x0000000703800000, 0x0000000703800000, 0x0000000703a00000|  0%| F|  |TAMS 0x0000000703800000, 0x0000000703800000| Untracked 
|  29|0x0000000703a00000, 0x0000000703a00000, 0x0000000703c00000|  0%| F|  |TAMS 0x0000000703a00000, 0x0000000703a00000| Untracked 
|  30|0x0000000703c00000, 0x0000000703c00000, 0x0000000703e00000|  0%| F|  |TAMS 0x0000000703c00000, 0x0000000703c00000| Untracked 
|  31|0x0000000703e00000, 0x0000000703e00000, 0x0000000704000000|  0%| F|  |TAMS 0x0000000703e00000, 0x0000000703e00000| Untracked 
|  32|0x0000000704000000, 0x0000000704000000, 0x0000000704200000|  0%| F|  |TAMS 0x0000000704000000, 0x0000000704000000| Untracked 
|  33|0x0000000704200000, 0x0000000704200000, 0x0000000704400000|  0%| F|  |TAMS 0x0000000704200000, 0x0000000704200000| Untracked 
|  34|0x0000000704400000, 0x0000000704400000, 0x0000000704600000|  0%| F|  |TAMS 0x0000000704400000, 0x0000000704400000| Untracked 
|  35|0x0000000704600000, 0x0000000704600000, 0x0000000704800000|  0%| F|  |TAMS 0x0000000704600000, 0x0000000704600000| Untracked 
|  36|0x0000000704800000, 0x0000000704800000, 0x0000000704a00000|  0%| F|  |TAMS 0x0000000704800000, 0x0000000704800000| Untracked 
|  37|0x0000000704a00000, 0x0000000704a00000, 0x0000000704c00000|  0%| F|  |TAMS 0x0000000704a00000, 0x0000000704a00000| Untracked 
|  38|0x0000000704c00000, 0x0000000704c00000, 0x0000000704e00000|  0%| F|  |TAMS 0x0000000704c00000, 0x0000000704c00000| Untracked 
|  39|0x0000000704e00000, 0x0000000704e00000, 0x0000000705000000|  0%| F|  |TAMS 0x0000000704e00000, 0x0000000704e00000| Untracked 
|  40|0x0000000705000000, 0x0000000705000000, 0x0000000705200000|  0%| F|  |TAMS 0x0000000705000000, 0x0000000705000000| Untracked 
|  41|0x0000000705200000, 0x0000000705200000, 0x0000000705400000|  0%| F|  |TAMS 0x0000000705200000, 0x0000000705200000| Untracked 
|  42|0x0000000705400000, 0x0000000705400000, 0x0000000705600000|  0%| F|  |TAMS 0x0000000705400000, 0x0000000705400000| Untracked 
|  43|0x0000000705600000, 0x0000000705600000, 0x0000000705800000|  0%| F|  |TAMS 0x0000000705600000, 0x0000000705600000| Untracked 
|  44|0x0000000705800000, 0x0000000705800000, 0x0000000705a00000|  0%| F|  |TAMS 0x0000000705800000, 0x0000000705800000| Untracked 
|  45|0x0000000705a00000, 0x0000000705a00000, 0x0000000705c00000|  0%| F|  |TAMS 0x0000000705a00000, 0x0000000705a00000| Untracked 
|  46|0x0000000705c00000, 0x0000000705c00000, 0x0000000705e00000|  0%| F|  |TAMS 0x0000000705c00000, 0x0000000705c00000| Untracked 
|  47|0x0000000705e00000, 0x0000000705e00000, 0x0000000706000000|  0%| F|  |TAMS 0x0000000705e00000, 0x0000000705e00000| Untracked 
|  48|0x0000000706000000, 0x0000000706000000, 0x0000000706200000|  0%| F|  |TAMS 0x0000000706000000, 0x0000000706000000| Untracked 
|  49|0x0000000706200000, 0x0000000706200000, 0x0000000706400000|  0%| F|  |TAMS 0x0000000706200000, 0x0000000706200000| Untracked 
|  50|0x0000000706400000, 0x0000000706400000, 0x0000000706600000|  0%| F|  |TAMS 0x0000000706400000, 0x0000000706400000| Untracked 
|  51|0x0000000706600000, 0x0000000706600000, 0x0000000706800000|  0%| F|  |TAMS 0x0000000706600000, 0x0000000706600000| Untracked 
|  52|0x0000000706800000, 0x0000000706800000, 0x0000000706a00000|  0%| F|  |TAMS 0x0000000706800000, 0x0000000706800000| Untracked 
|  53|0x0000000706a00000, 0x0000000706a00000, 0x0000000706c00000|  0%| F|  |TAMS 0x0000000706a00000, 0x0000000706a00000| Untracked 
|  54|0x0000000706c00000, 0x0000000706c00000, 0x0000000706e00000|  0%| F|  |TAMS 0x0000000706c00000, 0x0000000706c00000| Untracked 
|  55|0x0000000706e00000, 0x0000000706e00000, 0x0000000707000000|  0%| F|  |TAMS 0x0000000706e00000, 0x0000000706e00000| Untracked 
|  56|0x0000000707000000, 0x0000000707000000, 0x0000000707200000|  0%| F|  |TAMS 0x0000000707000000, 0x0000000707000000| Untracked 
|  57|0x0000000707200000, 0x0000000707200000, 0x0000000707400000|  0%| F|  |TAMS 0x0000000707200000, 0x0000000707200000| Untracked 
|  58|0x0000000707400000, 0x0000000707400000, 0x0000000707600000|  0%| F|  |TAMS 0x0000000707400000, 0x0000000707400000| Untracked 
|  59|0x0000000707600000, 0x0000000707600000, 0x0000000707800000|  0%| F|  |TAMS 0x0000000707600000, 0x0000000707600000| Untracked 
|  60|0x0000000707800000, 0x0000000707800000, 0x0000000707a00000|  0%| F|  |TAMS 0x0000000707800000, 0x0000000707800000| Untracked 
|  61|0x0000000707a00000, 0x0000000707a00000, 0x0000000707c00000|  0%| F|  |TAMS 0x0000000707a00000, 0x0000000707a00000| Untracked 
|  62|0x0000000707c00000, 0x0000000707c00000, 0x0000000707e00000|  0%| F|  |TAMS 0x0000000707c00000, 0x0000000707c00000| Untracked 
|  63|0x0000000707e00000, 0x0000000707e00000, 0x0000000708000000|  0%| F|  |TAMS 0x0000000707e00000, 0x0000000707e00000| Untracked 
|  64|0x0000000708000000, 0x0000000708000000, 0x0000000708200000|  0%| F|  |TAMS 0x0000000708000000, 0x0000000708000000| Untracked 
|  65|0x0000000708200000, 0x0000000708200000, 0x0000000708400000|  0%| F|  |TAMS 0x0000000708200000, 0x0000000708200000| Untracked 
|  66|0x0000000708400000, 0x0000000708400000, 0x0000000708600000|  0%| F|  |TAMS 0x0000000708400000, 0x0000000708400000| Untracked 
|  67|0x0000000708600000, 0x0000000708600000, 0x0000000708800000|  0%| F|  |TAMS 0x0000000708600000, 0x0000000708600000| Untracked 
|  68|0x0000000708800000, 0x0000000708800000, 0x0000000708a00000|  0%| F|  |TAMS 0x0000000708800000, 0x0000000708800000| Untracked 
|  69|0x0000000708a00000, 0x0000000708a00000, 0x0000000708c00000|  0%| F|  |TAMS 0x0000000708a00000, 0x0000000708a00000| Untracked 
|  70|0x0000000708c00000, 0x0000000708c00000, 0x0000000708e00000|  0%| F|  |TAMS 0x0000000708c00000, 0x0000000708c00000| Untracked 
|  71|0x0000000708e00000, 0x0000000708e00000, 0x0000000709000000|  0%| F|  |TAMS 0x0000000708e00000, 0x0000000708e00000| Untracked 
|  72|0x0000000709000000, 0x0000000709000000, 0x0000000709200000|  0%| F|  |TAMS 0x0000000709000000, 0x0000000709000000| Untracked 
|  73|0x0000000709200000, 0x0000000709200000, 0x0000000709400000|  0%| F|  |TAMS 0x0000000709200000, 0x0000000709200000| Untracked 
|  74|0x0000000709400000, 0x0000000709400000, 0x0000000709600000|  0%| F|  |TAMS 0x0000000709400000, 0x0000000709400000| Untracked 
|  75|0x0000000709600000, 0x0000000709600000, 0x0000000709800000|  0%| F|  |TAMS 0x0000000709600000, 0x0000000709600000| Untracked 
|  76|0x0000000709800000, 0x0000000709800000, 0x0000000709a00000|  0%| F|  |TAMS 0x0000000709800000, 0x0000000709800000| Untracked 
|  77|0x0000000709a00000, 0x0000000709a00000, 0x0000000709c00000|  0%| F|  |TAMS 0x0000000709a00000, 0x0000000709a00000| Untracked 
|  78|0x0000000709c00000, 0x0000000709c00000, 0x0000000709e00000|  0%| F|  |TAMS 0x0000000709c00000, 0x0000000709c00000| Untracked 
|  79|0x0000000709e00000, 0x0000000709e00000, 0x000000070a000000|  0%| F|  |TAMS 0x0000000709e00000, 0x0000000709e00000| Untracked 
|  80|0x000000070a000000, 0x000000070a000000, 0x000000070a200000|  0%| F|  |TAMS 0x000000070a000000, 0x000000070a000000| Untracked 
|  81|0x000000070a200000, 0x000000070a200000, 0x000000070a400000|  0%| F|  |TAMS 0x000000070a200000, 0x000000070a200000| Untracked 
|  82|0x000000070a400000, 0x000000070a400000, 0x000000070a600000|  0%| F|  |TAMS 0x000000070a400000, 0x000000070a400000| Untracked 
|  83|0x000000070a600000, 0x000000070a600000, 0x000000070a800000|  0%| F|  |TAMS 0x000000070a600000, 0x000000070a600000| Untracked 
|  84|0x000000070a800000, 0x000000070a800000, 0x000000070aa00000|  0%| F|  |TAMS 0x000000070a800000, 0x000000070a800000| Untracked 
|  85|0x000000070aa00000, 0x000000070aa00000, 0x000000070ac00000|  0%| F|  |TAMS 0x000000070aa00000, 0x000000070aa00000| Untracked 
|  86|0x000000070ac00000, 0x000000070ac00000, 0x000000070ae00000|  0%| F|  |TAMS 0x000000070ac00000, 0x000000070ac00000| Untracked 
|  87|0x000000070ae00000, 0x000000070ae00000, 0x000000070b000000|  0%| F|  |TAMS 0x000000070ae00000, 0x000000070ae00000| Untracked 
|  88|0x000000070b000000, 0x000000070b000000, 0x000000070b200000|  0%| F|  |TAMS 0x000000070b000000, 0x000000070b000000| Untracked 
|  89|0x000000070b200000, 0x000000070b200000, 0x000000070b400000|  0%| F|  |TAMS 0x000000070b200000, 0x000000070b200000| Untracked 
|  90|0x000000070b400000, 0x000000070b400000, 0x000000070b600000|  0%| F|  |TAMS 0x000000070b400000, 0x000000070b400000| Untracked 
|  91|0x000000070b600000, 0x000000070b600000, 0x000000070b800000|  0%| F|  |TAMS 0x000000070b600000, 0x000000070b600000| Untracked 
|  92|0x000000070b800000, 0x000000070b800000, 0x000000070ba00000|  0%| F|  |TAMS 0x000000070b800000, 0x000000070b800000| Untracked 
|  93|0x000000070ba00000, 0x000000070ba00000, 0x000000070bc00000|  0%| F|  |TAMS 0x000000070ba00000, 0x000000070ba00000| Untracked 
|  94|0x000000070bc00000, 0x000000070bc00000, 0x000000070be00000|  0%| F|  |TAMS 0x000000070bc00000, 0x000000070bc00000| Untracked 
|  95|0x000000070be00000, 0x000000070be00000, 0x000000070c000000|  0%| F|  |TAMS 0x000000070be00000, 0x000000070be00000| Untracked 
|  96|0x000000070c000000, 0x000000070c000000, 0x000000070c200000|  0%| F|  |TAMS 0x000000070c000000, 0x000000070c000000| Untracked 
|  97|0x000000070c200000, 0x000000070c200000, 0x000000070c400000|  0%| F|  |TAMS 0x000000070c200000, 0x000000070c200000| Untracked 
|  98|0x000000070c400000, 0x000000070c400000, 0x000000070c600000|  0%| F|  |TAMS 0x000000070c400000, 0x000000070c400000| Untracked 
|  99|0x000000070c600000, 0x000000070c600000, 0x000000070c800000|  0%| F|  |TAMS 0x000000070c600000, 0x000000070c600000| Untracked 
| 100|0x000000070c800000, 0x000000070c800000, 0x000000070ca00000|  0%| F|  |TAMS 0x000000070c800000, 0x000000070c800000| Untracked 
| 101|0x000000070ca00000, 0x000000070ca00000, 0x000000070cc00000|  0%| F|  |TAMS 0x000000070ca00000, 0x000000070ca00000| Untracked 
| 102|0x000000070cc00000, 0x000000070cc00000, 0x000000070ce00000|  0%| F|  |TAMS 0x000000070cc00000, 0x000000070cc00000| Untracked 
| 103|0x000000070ce00000, 0x000000070ce00000, 0x000000070d000000|  0%| F|  |TAMS 0x000000070ce00000, 0x000000070ce00000| Untracked 
| 104|0x000000070d000000, 0x000000070d000000, 0x000000070d200000|  0%| F|  |TAMS 0x000000070d000000, 0x000000070d000000| Untracked 
| 105|0x000000070d200000, 0x000000070d200000, 0x000000070d400000|  0%| F|  |TAMS 0x000000070d200000, 0x000000070d200000| Untracked 
| 106|0x000000070d400000, 0x000000070d400000, 0x000000070d600000|  0%| F|  |TAMS 0x000000070d400000, 0x000000070d400000| Untracked 
| 107|0x000000070d600000, 0x000000070d600000, 0x000000070d800000|  0%| F|  |TAMS 0x000000070d600000, 0x000000070d600000| Untracked 
| 108|0x000000070d800000, 0x000000070d800000, 0x000000070da00000|  0%| F|  |TAMS 0x000000070d800000, 0x000000070d800000| Untracked 
| 109|0x000000070da00000, 0x000000070da00000, 0x000000070dc00000|  0%| F|  |TAMS 0x000000070da00000, 0x000000070da00000| Untracked 
| 110|0x000000070dc00000, 0x000000070dc00000, 0x000000070de00000|  0%| F|  |TAMS 0x000000070dc00000, 0x000000070dc00000| Untracked 
| 111|0x000000070de00000, 0x000000070de00000, 0x000000070e000000|  0%| F|  |TAMS 0x000000070de00000, 0x000000070de00000| Untracked 
| 112|0x000000070e000000, 0x000000070e000000, 0x000000070e200000|  0%| F|  |TAMS 0x000000070e000000, 0x000000070e000000| Untracked 
| 113|0x000000070e200000, 0x000000070e200000, 0x000000070e400000|  0%| F|  |TAMS 0x000000070e200000, 0x000000070e200000| Untracked 
| 114|0x000000070e400000, 0x000000070e400000, 0x000000070e600000|  0%| F|  |TAMS 0x000000070e400000, 0x000000070e400000| Untracked 
| 115|0x000000070e600000, 0x000000070e600000, 0x000000070e800000|  0%| F|  |TAMS 0x000000070e600000, 0x000000070e600000| Untracked 
| 116|0x000000070e800000, 0x000000070e800000, 0x000000070ea00000|  0%| F|  |TAMS 0x000000070e800000, 0x000000070e800000| Untracked 
| 117|0x000000070ea00000, 0x000000070ea00000, 0x000000070ec00000|  0%| F|  |TAMS 0x000000070ea00000, 0x000000070ea00000| Untracked 
| 118|0x000000070ec00000, 0x000000070ec00000, 0x000000070ee00000|  0%| F|  |TAMS 0x000000070ec00000, 0x000000070ec00000| Untracked 
| 119|0x000000070ee00000, 0x000000070ee00000, 0x000000070f000000|  0%| F|  |TAMS 0x000000070ee00000, 0x000000070ee00000| Untracked 
| 120|0x000000070f000000, 0x000000070f000000, 0x000000070f200000|  0%| F|  |TAMS 0x000000070f000000, 0x000000070f000000| Untracked 
| 121|0x000000070f200000, 0x000000070f200000, 0x000000070f400000|  0%| F|  |TAMS 0x000000070f200000, 0x000000070f200000| Untracked 
| 122|0x000000070f400000, 0x000000070f400000, 0x000000070f600000|  0%| F|  |TAMS 0x000000070f400000, 0x000000070f400000| Untracked 
| 123|0x000000070f600000, 0x000000070f600000, 0x000000070f800000|  0%| F|  |TAMS 0x000000070f600000, 0x000000070f600000| Untracked 
| 124|0x000000070f800000, 0x000000070f800000, 0x000000070fa00000|  0%| F|  |TAMS 0x000000070f800000, 0x000000070f800000| Untracked 
| 125|0x000000070fa00000, 0x000000070fa00000, 0x000000070fc00000|  0%| F|  |TAMS 0x000000070fa00000, 0x000000070fa00000| Untracked 
| 126|0x000000070fc00000, 0x000000070fc00000, 0x000000070fe00000|  0%| F|  |TAMS 0x000000070fc00000, 0x000000070fc00000| Untracked 
| 127|0x000000070fe00000, 0x000000070ff51ef0, 0x0000000710000000| 66%| E|  |TAMS 0x000000070fe00000, 0x000000070fe00000| Complete 

Card table byte_map: [0x0000000126828000,0x0000000127028000] _byte_map_base: 0x0000000123028000

Marking Bits (Prev, Next): (CMBitMap*) 0x00007fb150819010, (CMBitMap*) 0x00007fb150819050
 Prev Bits: [0x0000000127828000, 0x000000012b828000)
 Next Bits: [0x000000012b828000, 0x000000012f828000)

Polling page: 0x000000010469e000

Metaspace:

Usage:
  Non-class:      4.00 MB capacity,     3.20 MB ( 80%) used,   820.80 KB ( 20%) free+waste,   128 bytes ( <1%) overhead. 
      Class:    386.00 KB capacity,   299.32 KB ( 78%) used,    86.55 KB ( 22%) free+waste,   128 bytes ( <1%) overhead. 
       Both:      4.38 MB capacity,     3.49 MB ( 80%) used,   907.35 KB ( 20%) free+waste,   256 bytes ( <1%) overhead. 

Virtual space:
  Non-class space:        8.00 MB reserved,       4.25 MB ( 53%) committed 
      Class space:        1.00 GB reserved,     512.00 KB ( <1%) committed 
             Both:        1.01 GB reserved,       4.75 MB ( <1%) committed 

Chunk freelists:
   Non-Class:  0 bytes
       Class:  0 bytes
        Both:  0 bytes

MaxMetaspaceSize: 17179869184.00 GB
CompressedClassSpaceSize: 1.00 GB

CodeHeap 'non-profiled nmethods': size=120028Kb used=16Kb max_used=16Kb free=120012Kb
 bounds [0x000000011eaf1000, 0x000000011ed61000, 0x0000000126028000]
CodeHeap 'profiled nmethods': size=120028Kb used=98Kb max_used=98Kb free=119929Kb
 bounds [0x00000001175ba000, 0x000000011782a000, 0x000000011eaf1000]
CodeHeap 'non-nmethods': size=5704Kb used=1033Kb max_used=1046Kb free=4671Kb
 bounds [0x0000000117028000, 0x0000000117298000, 0x00000001175ba000]
 total_blobs=332 nmethods=76 adapters=171
 compilation: enabled
              stopped_count=0, restarted_count=0
 full_count=0

Compilation events (20 events):
Event: 0.093 Thread 0x00007fb130808200   66       3       java.util.ImmutableCollections$Set12$1::<init> (32 bytes)
Event: 0.093 Thread 0x00007fb130808200 nmethod 66 0x00000001175cea90 code [0x00000001175cec20, 0x00000001175cee50]
Event: 0.093 Thread 0x00007fb130808200   67       3       java.util.Map::entry (10 bytes)
Event: 0.093 Thread 0x00007fb130808200 nmethod 67 0x00000001175cef10 code [0x00000001175cf100, 0x00000001175cf690]
Event: 0.094 Thread 0x00007fb130808200   68       3       java.util.HashMap::resize (356 bytes)
Event: 0.094 Thread 0x00007fb130808200 nmethod 68 0x00000001175cf890 code [0x00000001175cfb40, 0x00000001175d1040]
Event: 0.094 Thread 0x00007fb130808200   69       1       java.lang.module.ModuleDescriptor::isOpen (5 bytes)
Event: 0.094 Thread 0x00007fb130808200 nmethod 69 0x000000011eaf4110 code [0x000000011eaf42a0, 0x000000011eaf4350]
Event: 0.094 Thread 0x00007fb130808200   70       3       java.util.HashMap::putIfAbsent (13 bytes)
Event: 0.094 Thread 0x00007fb130808200 nmethod 70 0x00000001175d1510 code [0x00000001175d16c0, 0x00000001175d19b0]
Event: 0.095 Thread 0x00007fb151013000   72       4       java.lang.String::hashCode (60 bytes)
Event: 0.096 Thread 0x00007fb130808200   73       1       java.lang.Module::getDescriptor (5 bytes)
Event: 0.096 Thread 0x00007fb130808200 nmethod 73 0x000000011eaf4810 code [0x000000011eaf49a0, 0x000000011eaf4a50]
Event: 0.096 Thread 0x00007fb130808200   74       3       java.util.ImmutableCollections$SetN::iterator (9 bytes)
Event: 0.096 Thread 0x00007fb130808200 nmethod 74 0x00000001175d1b10 code [0x00000001175d1ca0, 0x00000001175d1e40]
Event: 0.096 Thread 0x00007fb130808200   75       3       java.util.ImmutableCollections$SetN$SetNIterator::<init> (36 bytes)
Event: 0.097 Thread 0x00007fb130808200 nmethod 75 0x00000001175d1f10 code [0x00000001175d20a0, 0x00000001175d2290]
Event: 0.102 Thread 0x00007fb151013000 nmethod 72 0x000000011eaf4b10 code [0x000000011eaf4c80, 0x000000011eaf4e78]
Event: 0.103 Thread 0x00007fb130808200   76       3       java.lang.String::hashCode (60 bytes)
Event: 0.103 Thread 0x00007fb130808200 nmethod 76 0x00000001175d2390 code [0x00000001175d2540, 0x00000001175d2890]

GC Heap History (0 events):
No events

Deoptimization events (4 events):
Event: 0.102 Thread 0x00007fb15080e400 Uncommon trap: trap_request=0xffffff45 fr.pc=0x000000011eaf4e24 relative=0x00000000000001a4
Event: 0.103 Thread 0x00007fb15080e400 Uncommon trap: reason=unstable_if action=reinterpret pc=0x000000011eaf4e24 method=java.lang.String.hashCode()I @ 42 c2
Event: 0.103 Thread 0x00007fb15080e400 DEOPT PACKING pc=0x000000011eaf4e24 sp=0x000000030d084640
Event: 0.103 Thread 0x00007fb15080e400 DEOPT UNPACKING pc=0x0000000117075e1f sp=0x000000030d0845f8 mode 2

Classes unloaded (0 events):
No events

Classes redefined (0 events):
No events

Internal exceptions (0 events):
No events

Events (20 events):
Event: 0.106 loading class java/security/BasicPermissionCollection
Event: 0.106 loading class java/security/BasicPermissionCollection done
Event: 0.106 loading class java/security/AllPermission
Event: 0.106 loading class java/security/AllPermission done
Event: 0.106 loading class java/security/UnresolvedPermission
Event: 0.106 loading class java/security/UnresolvedPermission done
Event: 0.106 loading class java/security/SecureClassLoader$DebugHolder
Event: 0.106 loading class java/security/SecureClassLoader$DebugHolder done
Event: 0.106 loading class sun/security/util/Debug
Event: 0.107 loading class sun/security/util/Debug done
Event: 0.108 loading class java/lang/Class$ReflectionData
Event: 0.108 loading class java/lang/Class$ReflectionData done
Event: 0.108 loading class java/lang/Class$Atomic
Event: 0.108 loading class java/lang/Class$Atomic done
Event: 0.109 loading class java/lang/PublicMethods$MethodList
Event: 0.109 loading class java/lang/PublicMethods$MethodList done
Event: 0.109 loading class java/lang/PublicMethods$Key
Event: 0.109 loading class java/lang/PublicMethods$Key done
Event: 0.109 loading class java/lang/Void
Event: 0.109 loading class java/lang/Void done


Dynamic libraries:
0x00007ffdffc13000 	/Library/Apple/usr/libexec/oah/runtime
0x00007fff2a5a6000 	/usr/lib/libz.1.dylib
0x000000010c942000 	/Volumes/Eclipse/Eclipse.app/Contents/Eclipse/plugins/org.eclipse.justj.openjdk.hotspot.jre.full.macosx.x86_64_15.0.2.v20210201-0955/jre/lib/libjli.dylib
0x00007fff35258000 	/System/Library/Frameworks/Cocoa.framework/Versions/A/Cocoa
0x00007fff22100000 	/System/Library/Frameworks/Security.framework/Versions/A/Security
0x00007fff33455000 	/System/Library/Frameworks/ApplicationServices.framework/Versions/A/ApplicationServices
0x00007fff2a672000 	/usr/lib/libSystem.B.dylib
0x00007fff2a66c000 	/usr/lib/system/libcache.dylib
0x00007fff2a628000 	/usr/lib/system/libcommonCrypto.dylib
0x00007fff2a652000 	/usr/lib/system/libcompiler_rt.dylib
0x00007fff2a647000 	/usr/lib/system/libcopyfile.dylib
0x00007fff2009e000 	/usr/lib/system/libcorecrypto.dylib
0x00007fff2016b000 	/usr/lib/system/libdispatch.dylib
0x00007fff20320000 	/usr/lib/system/libdyld.dylib
0x00007fff2a663000 	/usr/lib/system/libkeymgr.dylib
0x00007fff2dc07000 	/usr/lib/system/liblaunch.dylib
0x00007fff2a606000 	/usr/lib/system/libmacho.dylib
0x00007fff29e1b000 	/usr/lib/system/libquarantine.dylib
0x00007fff2a660000 	/usr/lib/system/libremovefile.dylib
0x00007fff24a97000 	/usr/lib/system/libsystem_asl.dylib
0x00007fff2004e000 	/usr/lib/system/libsystem_blocks.dylib
0x00007fff201ed000 	/usr/lib/system/libsystem_c.dylib
0x00007fff2a65a000 	/usr/lib/system/libsystem_collections.dylib
0x00007fff29208000 	/usr/lib/system/libsystem_configuration.dylib
0x00007fff284f7000 	/usr/lib/system/libsystem_containermanager.dylib
0x00007fff2a39e000 	/usr/lib/system/libsystem_coreservices.dylib
0x00007fff226b4000 	/usr/lib/system/libsystem_darwin.dylib
0x00007fff2a664000 	/usr/lib/system/libsystem_dnssd.dylib
0x00007fff201ea000 	/usr/lib/system/libsystem_featureflags.dylib
0x00007fff20365000 	/usr/lib/system/libsystem_info.dylib
0x00007fff2a5b9000 	/usr/lib/system/libsystem_m.dylib
0x00007fff2013e000 	/usr/lib/system/libsystem_malloc.dylib
0x00007fff24a2b000 	/usr/lib/system/libsystem_networkextension.dylib
0x00007fff22acf000 	/usr/lib/system/libsystem_notify.dylib
0x00007fff300bb000 	/usr/lib/system/libsystem_product_info_filter.dylib
0x00007fff2920c000 	/usr/lib/system/libsystem_sandbox.dylib
0x00007fff2a65d000 	/usr/lib/system/libsystem_secinit.dylib
0x00007fff202e5000 	/usr/lib/system/libsystem_kernel.dylib
0x00007fff2035b000 	/usr/lib/system/libsystem_platform.dylib
0x00007fff20314000 	/usr/lib/system/libsystem_pthread.dylib
0x00007fff261c5000 	/usr/lib/system/libsystem_symptoms.dylib
0x00007fff20086000 	/usr/lib/system/libsystem_trace.dylib
0x00007fff2a634000 	/usr/lib/system/libunwind.dylib
0x00007fff20050000 	/usr/lib/system/libxpc.dylib
0x00007fff202cc000 	/usr/lib/libc++abi.dylib
0x00007fff201b0000 	/usr/lib/libobjc.A.dylib
0x00007fff2a63f000 	/usr/lib/liboah.dylib
0x00007fff20276000 	/usr/lib/libc++.1.dylib
0x00007fff20391000 	/System/Library/Frameworks/CoreFoundation.framework/Versions/A/CoreFoundation
0x00007fff21073000 	/System/Library/Frameworks/Foundation.framework/Versions/C/Foundation
0x00007fff22b27000 	/System/Library/Frameworks/AppKit.framework/Versions/C/AppKit
0x00007fff259e5000 	/System/Library/Frameworks/CoreData.framework/Versions/A/CoreData
0x00007fff2388a000 	/System/Library/PrivateFrameworks/UIFoundation.framework/Versions/A/UIFoundation
0x00007fff2fe34000 	/System/Library/PrivateFrameworks/RemoteViewServices.framework/Versions/A/RemoteViewServices
0x00007fff28bc1000 	/System/Library/PrivateFrameworks/XCTTargetBootstrap.framework/Versions/A/XCTTargetBootstrap
0x00007fff2b910000 	/usr/lib/libspindump.dylib
0x00007fff23adf000 	/System/Library/Frameworks/UniformTypeIdentifiers.framework/Versions/A/UniformTypeIdentifiers
0x00007fff27397000 	/usr/lib/libapp_launch_measurement.dylib
0x00007fff2739a000 	/System/Library/PrivateFrameworks/CoreAutoLayout.framework/Versions/A/CoreAutoLayout
0x00007fff28523000 	/System/Library/Frameworks/Metal.framework/Versions/A/Metal
0x00007fff29217000 	/usr/lib/liblangid.dylib
0x00007fff28bc5000 	/System/Library/PrivateFrameworks/CoreSVG.framework/Versions/A/CoreSVG
0x00007fff24ac6000 	/System/Library/PrivateFrameworks/SkyLight.framework/Versions/A/SkyLight
0x00007fff24e2d000 	/System/Library/Frameworks/CoreGraphics.framework/Versions/A/CoreGraphics
0x00007fff3048b000 	/System/Library/Frameworks/Accelerate.framework/Versions/A/Accelerate
0x00007fff2b34b000 	/System/Library/PrivateFrameworks/IconServices.framework/Versions/A/IconServices
0x00007fff28508000 	/System/Library/Frameworks/IOSurface.framework/Versions/A/IOSurface
0x00007fff26377000 	/usr/lib/libDiagnosticMessagesClient.dylib
0x00007fff28bad000 	/System/Library/PrivateFrameworks/DFRFoundation.framework/Versions/A/DFRFoundation
0x00007fff22452000 	/usr/lib/libicucore.A.dylib
0x00007fff2ce55000 	/System/Library/Frameworks/AudioToolbox.framework/Versions/A/AudioToolbox
0x00007fff2c0fa000 	/System/Library/PrivateFrameworks/DataDetectorsCore.framework/Versions/A/DataDetectorsCore
0x00007fff288ad000 	/System/Library/Frameworks/Carbon.framework/Versions/A/Frameworks/HIToolbox.framework/Versions/A/HIToolbox
0x00007fff26df2000 	/System/Library/Frameworks/QuartzCore.framework/Versions/A/QuartzCore
0x00007fff2fe70000 	/System/Library/Frameworks/Carbon.framework/Versions/A/Frameworks/SpeechRecognition.framework/Versions/A/SpeechRecognition
0x00007fff270ff000 	/System/Library/PrivateFrameworks/CoreUI.framework/Versions/A/CoreUI
0x00007fff21a5b000 	/System/Library/Frameworks/CoreAudio.framework/Versions/A/CoreAudio
0x00007fff26462000 	/System/Library/Frameworks/DiskArbitration.framework/Versions/A/DiskArbitration
0x00007fff2bd0a000 	/System/Library/PrivateFrameworks/MultitouchSupport.framework/Versions/A/MultitouchSupport
0x00007fff2c0f1000 	/System/Library/PrivateFrameworks/InternationalSupport.framework/Versions/A/InternationalSupport
0x00007fff24a3a000 	/usr/lib/libenergytrace.dylib
0x00007fff22a20000 	/System/Library/Frameworks/IOKit.framework/Versions/A/IOKit
0x00007fff301bd000 	/System/Library/Frameworks/CoreServices.framework/Versions/A/CoreServices
0x00007fff2732d000 	/System/Library/PrivateFrameworks/PerformanceAnalysis.framework/Versions/A/PerformanceAnalysis
0x00007fff6cb33000 	/System/Library/Frameworks/OpenGL.framework/Versions/A/OpenGL
0x00007fff2c176000 	/System/Library/PrivateFrameworks/UserActivity.framework/Versions/A/UserActivity
0x00007fff254e7000 	/System/Library/Frameworks/ColorSync.framework/Versions/A/ColorSync
0x00007fff28e2e000 	/System/Library/Frameworks/CoreImage.framework/Versions/A/CoreImage
0x00007fff21872000 	/System/Library/Frameworks/CoreText.framework/Versions/A/CoreText
0x00007fff28bef000 	/System/Library/Frameworks/ImageIO.framework/Versions/A/ImageIO
0x00007fff2a678000 	/System/Library/PrivateFrameworks/SoftLinking.framework/Versions/A/SoftLinking
0x00007fff273e3000 	/usr/lib/libxml2.2.dylib
0x00007fff2a8ea000 	/usr/lib/libcompression.dylib
0x00007fff24a3b000 	/usr/lib/libMobileGestalt.dylib
0x00007fff2c024000 	/System/Library/PrivateFrameworks/TextureIO.framework/Versions/A/TextureIO
0x00007fff2afd8000 	/usr/lib/libate.dylib
0x00007fff2ad03000 	/usr/lib/liblzma.5.dylib
0x00007fff20d87000 	/System/Library/Frameworks/SystemConfiguration.framework/Versions/A/SystemConfiguration
0x00007fff2a674000 	/usr/lib/libfakelink.dylib
0x00007fff2458d000 	/System/Library/Frameworks/CFNetwork.framework/Versions/A/CFNetwork
0x00007fff2a7b4000 	/usr/lib/libarchive.2.dylib
0x00007fff20e05000 	/usr/lib/libCRFSuite.dylib
0x00007fff29e42000 	/usr/lib/libbsm.0.dylib
0x00007fff23f49000 	/usr/lib/libnetwork.dylib
0x00007fff2a679000 	/usr/lib/libpcap.A.dylib
0x00007fff261be000 	/usr/lib/libdns_services.dylib
0x00007fff2ad1c000 	/usr/lib/libcoretls_cfhelpers.dylib
0x00007fff2a8b8000 	/usr/lib/libapple_nghttp2.dylib
0x00007fff2a60c000 	/usr/lib/system/libkxld.dylib
0x00007fff25e2c000 	/usr/lib/libsqlite3.dylib
0x00007fff2a380000 	/System/Library/PrivateFrameworks/AppleFSCompression.framework/Versions/A/AppleFSCompression
0x00007fff29e2a000 	/usr/lib/libcoretls.dylib
0x00007fff2a8e5000 	/usr/lib/libpam.2.dylib
0x00007fff2ae19000 	/usr/lib/libxar.1.dylib
0x00007fff29213000 	/System/Library/PrivateFrameworks/AppleSystemInfo.framework/Versions/A/AppleSystemInfo
0x00007fff29a6d000 	/System/Library/PrivateFrameworks/IOMobileFramebuffer.framework/Versions/A/IOMobileFramebuffer
0x00007fff2a390000 	/usr/lib/libbz2.1.0.dylib
0x00007fff2a6b1000 	/usr/lib/libiconv.2.dylib
0x00007fff2a605000 	/usr/lib/libcharset.1.dylib
0x00007fff27369000 	/System/Library/Frameworks/CoreServices.framework/Versions/A/Frameworks/FSEvents.framework/Versions/A/FSEvents
0x00007fff226be000 	/System/Library/Frameworks/CoreServices.framework/Versions/A/Frameworks/CarbonCore.framework/Versions/A/CarbonCore
0x00007fff263c7000 	/System/Library/Frameworks/CoreServices.framework/Versions/A/Frameworks/Metadata.framework/Versions/A/Metadata
0x00007fff2a3a3000 	/System/Library/Frameworks/CoreServices.framework/Versions/A/Frameworks/OSServices.framework/Versions/A/OSServices
0x00007fff2a826000 	/System/Library/Frameworks/CoreServices.framework/Versions/A/Frameworks/SearchKit.framework/Versions/A/SearchKit
0x00007fff26148000 	/System/Library/Frameworks/CoreServices.framework/Versions/A/Frameworks/AE.framework/Versions/A/AE
0x00007fff2082d000 	/System/Library/Frameworks/CoreServices.framework/Versions/A/Frameworks/LaunchServices.framework/Versions/A/LaunchServices
0x00007fff2acb4000 	/System/Library/Frameworks/CoreServices.framework/Versions/A/Frameworks/DictionaryServices.framework/Versions/A/DictionaryServices
0x00007fff27372000 	/System/Library/Frameworks/CoreServices.framework/Versions/A/Frameworks/SharedFileList.framework/Versions/A/SharedFileList
0x00007fff29e1e000 	/usr/lib/libCheckFix.dylib
0x00007fff24aae000 	/System/Library/PrivateFrameworks/TCC.framework/Versions/A/TCC
0x00007fff29219000 	/System/Library/PrivateFrameworks/CoreNLP.framework/Versions/A/CoreNLP
0x00007fff2637a000 	/System/Library/PrivateFrameworks/MetadataUtilities.framework/Versions/A/MetadataUtilities
0x00007fff20e3b000 	/usr/lib/libmecabra.dylib
0x00007fff2a132000 	/System/Library/Frameworks/MLCompute.framework/Versions/A/MLCompute
0x00007fff29e53000 	/usr/lib/libmecab.dylib
0x00007fff29e9d000 	/usr/lib/libgermantok.dylib
0x00007fff2a88e000 	/usr/lib/libThaiTokenizer.dylib
0x00007fff2ae54000 	/usr/lib/libChineseTokenizer.dylib
0x00007fff2a8e3000 	/System/Library/Frameworks/MetalPerformanceShaders.framework/Versions/A/MetalPerformanceShaders
0x00007fff26469000 	/System/Library/Frameworks/Accelerate.framework/Versions/A/Frameworks/vImage.framework/Versions/A/vImage
0x00007fff30196000 	/System/Library/Frameworks/Accelerate.framework/Versions/A/Frameworks/vecLib.framework/Versions/A/vecLib
0x00007fff2ae5f000 	/System/Library/Frameworks/Accelerate.framework/Versions/A/Frameworks/vecLib.framework/Versions/A/libvMisc.dylib
0x00007fff298c9000 	/System/Library/Frameworks/Accelerate.framework/Versions/A/Frameworks/vecLib.framework/Versions/A/libvDSP.dylib
0x00007fff20b31000 	/System/Library/Frameworks/Accelerate.framework/Versions/A/Frameworks/vecLib.framework/Versions/A/libBLAS.dylib
0x00007fff2a909000 	/System/Library/Frameworks/Accelerate.framework/Versions/A/Frameworks/vecLib.framework/Versions/A/libLAPACK.dylib
0x00007fff29ea3000 	/System/Library/Frameworks/Accelerate.framework/Versions/A/Frameworks/vecLib.framework/Versions/A/libLinearAlgebra.dylib
0x00007fff2a8d0000 	/System/Library/Frameworks/Accelerate.framework/Versions/A/Frameworks/vecLib.framework/Versions/A/libSparseBLAS.dylib
0x00007fff2a903000 	/System/Library/Frameworks/Accelerate.framework/Versions/A/Frameworks/vecLib.framework/Versions/A/libQuadrature.dylib
0x00007fff292c1000 	/System/Library/Frameworks/Accelerate.framework/Versions/A/Frameworks/vecLib.framework/Versions/A/libBNNS.dylib
0x00007fff20d18000 	/System/Library/Frameworks/Accelerate.framework/Versions/A/Frameworks/vecLib.framework/Versions/A/libSparse.dylib
0x00007fff291ac000 	/System/Library/Frameworks/MetalPerformanceShaders.framework/Versions/A/Frameworks/MPSCore.framework/Versions/A/MPSCore
0x00007fff2a2ef000 	/System/Library/Frameworks/MetalPerformanceShaders.framework/Versions/A/Frameworks/MPSImage.framework/Versions/A/MPSImage
0x00007fff29eba000 	/System/Library/Frameworks/MetalPerformanceShaders.framework/Versions/A/Frameworks/MPSNeuralNetwork.framework/Versions/A/MPSNeuralNetwork
0x00007fff2a27a000 	/System/Library/Frameworks/MetalPerformanceShaders.framework/Versions/A/Frameworks/MPSMatrix.framework/Versions/A/MPSMatrix
0x00007fff2a0e2000 	/System/Library/Frameworks/MetalPerformanceShaders.framework/Versions/A/Frameworks/MPSRayIntersector.framework/Versions/A/MPSRayIntersector
0x00007fff2a2b1000 	/System/Library/Frameworks/MetalPerformanceShaders.framework/Versions/A/Frameworks/MPSNDArray.framework/Versions/A/MPSNDArray
0x00007fff20a5d000 	/System/Library/PrivateFrameworks/MetalTools.framework/Versions/A/MetalTools
0x00007fff29211000 	/System/Library/PrivateFrameworks/AggregateDictionary.framework/Versions/A/AggregateDictionary
0x00007fff26352000 	/System/Library/PrivateFrameworks/CoreAnalytics.framework/Versions/A/CoreAnalytics
0x00007fff2a890000 	/System/Library/PrivateFrameworks/AppleSauce.framework/Versions/A/AppleSauce
0x00007fff2851a000 	/System/Library/PrivateFrameworks/IOAccelerator.framework/Versions/A/IOAccelerator
0x00007fff6cb27000 	/System/Library/Frameworks/OpenGL.framework/Versions/A/Libraries/libCoreFSCache.dylib
0x00007fff213d7000 	/System/Library/PrivateFrameworks/LanguageModeling.framework/Versions/A/LanguageModeling
0x00007fff29a5a000 	/System/Library/PrivateFrameworks/CoreEmoji.framework/Versions/A/CoreEmoji
0x00007fff292ba000 	/System/Library/PrivateFrameworks/LinguisticData.framework/Versions/A/LinguisticData
0x00007fff20cca000 	/System/Library/PrivateFrameworks/Lexicon.framework/Versions/A/Lexicon
0x00007fff2a7a2000 	/usr/lib/libcmph.dylib
0x00007fff27349000 	/System/Library/Frameworks/OpenDirectory.framework/Versions/A/Frameworks/CFOpenDirectory.framework/Versions/A/CFOpenDirectory
0x00007fff27339000 	/System/Library/Frameworks/OpenDirectory.framework/Versions/A/OpenDirectory
0x00007fff2ad1e000 	/System/Library/PrivateFrameworks/APFS.framework/Versions/A/APFS
0x00007fff29d7f000 	/System/Library/Frameworks/SecurityFoundation.framework/Versions/A/SecurityFoundation
0x00007fff2ae27000 	/usr/lib/libutil.dylib
0x00007fff229e5000 	/System/Library/PrivateFrameworks/CoreServicesStore.framework/Versions/A/CoreServicesStore
0x00007fff29e16000 	/System/Library/Frameworks/ServiceManagement.framework/Versions/A/ServiceManagement
0x00007fff2ae2b000 	/usr/lib/libxslt.1.dylib
0x00007fff29e0c000 	/System/Library/PrivateFrameworks/BackgroundTaskManagement.framework/Versions/A/BackgroundTaskManagement
0x00007fff2bf6f000 	/System/Library/Frameworks/ImageIO.framework/Versions/A/Resources/libRadiance.dylib
0x00007fff2bf78000 	/System/Library/Frameworks/ImageIO.framework/Versions/A/Resources/libJPEG.dylib
0x00007fff2bec4000 	/System/Library/Frameworks/ImageIO.framework/Versions/A/Resources/libPng.dylib
0x00007fff2beeb000 	/System/Library/Frameworks/ImageIO.framework/Versions/A/Resources/libTIFF.dylib
0x00007fff2bfcd000 	/System/Library/Frameworks/ImageIO.framework/Versions/A/Resources/libGIF.dylib
0x00007fff2bc28000 	/System/Library/Frameworks/ImageIO.framework/Versions/A/Resources/libJP2.dylib
0x00007fff2b312000 	/usr/lib/libexpat.1.dylib
0x00007fff2bbdd000 	/System/Library/PrivateFrameworks/AppleJPEG.framework/Versions/A/AppleJPEG
0x00007fff28750000 	/System/Library/PrivateFrameworks/FontServices.framework/libFontParser.dylib
0x00007fff260fc000 	/System/Library/PrivateFrameworks/RunningBoardServices.framework/Versions/A/RunningBoardServices
0x00007fff2bd06000 	/System/Library/PrivateFrameworks/WatchdogClient.framework/Versions/A/WatchdogClient
0x00007fff214c4000 	/System/Library/Frameworks/CoreDisplay.framework/Versions/A/CoreDisplay
0x00007fff28666000 	/System/Library/Frameworks/CoreMedia.framework/Versions/A/CoreMedia
0x00007fff274c6000 	/System/Library/Frameworks/CoreVideo.framework/Versions/A/CoreVideo
0x00007fff2bd3e000 	/System/Library/Frameworks/VideoToolbox.framework/Versions/A/VideoToolbox
0x00007fff2607a000 	/System/Library/PrivateFrameworks/BaseBoard.framework/Versions/A/BaseBoard
0x00007fff2b457000 	/System/Library/PrivateFrameworks/PersistentConnection.framework/Versions/A/PersistentConnection
0x00007fff25e15000 	/System/Library/PrivateFrameworks/ProtocolBuffer.framework/Versions/A/ProtocolBuffer
0x00007fff26061000 	/System/Library/PrivateFrameworks/CommonUtilities.framework/Versions/A/CommonUtilities
0x00007fff2bb72000 	/System/Library/PrivateFrameworks/Bom.framework/Versions/A/Bom
0x00007fff2bf68000 	/System/Library/PrivateFrameworks/GPUWrangler.framework/Versions/A/GPUWrangler
0x00007fff2bf4b000 	/System/Library/PrivateFrameworks/IOPresentment.framework/Versions/A/IOPresentment
0x00007fff2bf72000 	/System/Library/PrivateFrameworks/DSExternalDisplay.framework/Versions/A/DSExternalDisplay
0x00007fff2bfd2000 	/System/Library/PrivateFrameworks/CMCaptureCore.framework/Versions/A/CMCaptureCore
0x00007fff2b8f7000 	/System/Library/PrivateFrameworks/AppServerSupport.framework/Versions/A/AppServerSupport
0x00007fff2d9a6000 	/System/Library/PrivateFrameworks/perfdata.framework/Versions/A/perfdata
0x00007fff29d6e000 	/System/Library/PrivateFrameworks/AssertionServices.framework/Versions/A/AssertionServices
0x00007fff215fb000 	/System/Library/PrivateFrameworks/AudioToolboxCore.framework/Versions/A/AudioToolboxCore
0x00007fff28649000 	/System/Library/PrivateFrameworks/caulk.framework/Versions/A/caulk
0x00007fff3d651000 	/System/Library/PrivateFrameworks/SystemPolicy.framework/Versions/A/SystemPolicy
0x00007fff2b107000 	/usr/lib/libIOReport.dylib
0x00007fff2d1c8000 	/usr/lib/libSMC.dylib
0x00007fff2be91000 	/usr/lib/libAudioToolboxUtility.dylib
0x00007fff3dfbb000 	/usr/lib/libmis.dylib
0x00007fff6cb83000 	/System/Library/Frameworks/OpenGL.framework/Versions/A/Libraries/libGLU.dylib
0x00007fff6cb46000 	/System/Library/Frameworks/OpenGL.framework/Versions/A/Libraries/libGFXShared.dylib
0x00007fff6cd55000 	/System/Library/Frameworks/OpenGL.framework/Versions/A/Libraries/libGL.dylib
0x00007fff6cb4f000 	/System/Library/Frameworks/OpenGL.framework/Versions/A/Libraries/libGLImage.dylib
0x00007fff6cb43000 	/System/Library/Frameworks/OpenGL.framework/Versions/A/Libraries/libCVMSPluginSupport.dylib
0x00007fff6cb2e000 	/System/Library/Frameworks/OpenGL.framework/Versions/A/Libraries/libCoreVMClient.dylib
0x00007fff6e196000 	/System/Library/Frameworks/OpenCL.framework/Versions/A/OpenCL
0x00007fff2b481000 	/System/Library/PrivateFrameworks/GraphVisualizer.framework/Versions/A/GraphVisualizer
0x00007fff2b490000 	/System/Library/PrivateFrameworks/FaceCore.framework/Versions/A/FaceCore
0x00007fff2b8ac000 	/System/Library/PrivateFrameworks/OTSVG.framework/Versions/A/OTSVG
0x00007fff270bd000 	/System/Library/Frameworks/ApplicationServices.framework/Versions/A/Frameworks/ATS.framework/Versions/A/Resources/libFontRegistry.dylib
0x00007fff2b8fe000 	/System/Library/PrivateFrameworks/FontServices.framework/libhvf.dylib
0x00007fff2b2be000 	/System/Library/PrivateFrameworks/AppleVA.framework/Versions/A/AppleVA
0x00007fff2d011000 	/System/Library/Frameworks/ApplicationServices.framework/Versions/A/Frameworks/ATS.framework/Versions/A/ATS
0x00007fff2d323000 	/System/Library/Frameworks/ApplicationServices.framework/Versions/A/Frameworks/ColorSyncLegacy.framework/Versions/A/ColorSyncLegacy
0x00007fff255de000 	/System/Library/Frameworks/ApplicationServices.framework/Versions/A/Frameworks/HIServices.framework/Versions/A/HIServices
0x00007fff2d308000 	/System/Library/Frameworks/ApplicationServices.framework/Versions/A/Frameworks/LangAnalysis.framework/Versions/A/LangAnalysis
0x00007fff2bfdc000 	/System/Library/Frameworks/ApplicationServices.framework/Versions/A/Frameworks/PrintCore.framework/Versions/A/PrintCore
0x00007fff2d32b000 	/System/Library/Frameworks/ApplicationServices.framework/Versions/A/Frameworks/QD.framework/Versions/A/QD
0x00007fff2d001000 	/System/Library/Frameworks/ApplicationServices.framework/Versions/A/Frameworks/SpeechSynthesis.framework/Versions/A/SpeechSynthesis
0x00007fff2bf9d000 	/System/Library/Frameworks/ApplicationServices.framework/Versions/A/Frameworks/ATSUI.framework/Versions/A/ATSUI
0x00007fff2d2a8000 	/usr/lib/libcups.2.dylib
0x00007fff2d318000 	/System/Library/PrivateFrameworks/NetAuth.framework/Versions/A/NetAuth
0x00007fff2d9c2000 	/System/Library/Frameworks/Kerberos.framework/Versions/A/Kerberos
0x00007fff2d9d2000 	/System/Library/Frameworks/GSS.framework/Versions/A/GSS
0x00007fff2d07d000 	/usr/lib/libresolv.9.dylib
0x00007fff2b913000 	/System/Library/PrivateFrameworks/Heimdal.framework/Versions/A/Heimdal
0x00007fff33756000 	/System/Library/Frameworks/Kerberos.framework/Versions/A/Libraries/libHeimdalProxy.dylib
0x00007fff261cd000 	/System/Library/Frameworks/Network.framework/Versions/A/Network
0x00007fff2b32c000 	/usr/lib/libheimdal-asn1.dylib
0x00007fff2da22000 	/System/Library/PrivateFrameworks/CommonAuth.framework/Versions/A/CommonAuth
0x00007fff27513000 	/System/Library/PrivateFrameworks/login.framework/Versions/A/Frameworks/loginsupport.framework/Versions/A/loginsupport
0x00007fff2cf86000 	/System/Library/PrivateFrameworks/AudioSession.framework/Versions/A/AudioSession
0x00007fff2cfee000 	/usr/lib/libAudioStatistics.dylib
0x00007fff2b3b9000 	/System/Library/PrivateFrameworks/MediaExperience.framework/Versions/A/MediaExperience
0x00007fff2ce23000 	/System/Library/PrivateFrameworks/AudioSession.framework/libSessionUtility.dylib
0x00007fff2d9b3000 	/usr/lib/libperfcheck.dylib
0x00007fff2d337000 	/System/Library/PrivateFrameworks/AudioResourceArbitration.framework/Versions/A/AudioResourceArbitration
0x00007fff2b336000 	/System/Library/PrivateFrameworks/IconFoundation.framework/Versions/A/IconFoundation
0x00007fff2fe60000 	/System/Library/PrivateFrameworks/SpeechRecognitionCore.framework/Versions/A/SpeechRecognitionCore
0x00007fff5df5d000 	/System/Library/CoreServices/Encodings/libKoreanConverter.dylib
0x0000000111000000 	/Volumes/Eclipse/Eclipse.app/Contents/Eclipse/plugins/org.eclipse.justj.openjdk.hotspot.jre.full.macosx.x86_64_15.0.2.v20210201-0955/jre/lib/server/libjvm.dylib
0x000000010c9ca000 	/Volumes/Eclipse/Eclipse.app/Contents/Eclipse/plugins/org.eclipse.justj.openjdk.hotspot.jre.full.macosx.x86_64_15.0.2.v20210201-0955/jre/lib/libjimage.dylib
0x000000010ca2c000 	/Volumes/Eclipse/Eclipse.app/Contents/Eclipse/plugins/org.eclipse.justj.openjdk.hotspot.jre.full.macosx.x86_64_15.0.2.v20210201-0955/jre/lib/libjava.dylib
0x000000010cd4f000 	/Volumes/Eclipse/Eclipse.app/Contents/Eclipse/plugins/org.eclipse.justj.openjdk.hotspot.jre.full.macosx.x86_64_15.0.2.v20210201-0955/jre/lib/libzip.dylib


VM Arguments:
jvm_args: -Dfile.encoding=UTF-8 -XX:+ShowCodeDetailsInExceptionMessages 
java_command: day18.Class2_TryCatch
java_class_path (initial): /Users/kimsoobin/git/JavaClass/javaclass/bin
Launcher Type: SUN_STANDARD

[Global flags]
     intx CICompilerCount                          = 4                                         {product} {ergonomic}
     uint ConcGCThreads                            = 2                                         {product} {ergonomic}
     uint G1ConcRefinementThreads                  = 8                                         {product} {ergonomic}
   size_t G1HeapRegionSize                         = 2097152                                   {product} {ergonomic}
    uintx GCDrainStackTargetSize                   = 64                                        {product} {ergonomic}
   size_t InitialHeapSize                          = 268435456                                 {product} {ergonomic}
   size_t MarkStackSize                            = 4194304                                   {product} {ergonomic}
   size_t MaxHeapSize                              = 4294967296                                {product} {ergonomic}
   size_t MaxNewSize                               = 2575302656                                {product} {ergonomic}
   size_t MinHeapDeltaBytes                        = 2097152                                   {product} {ergonomic}
   size_t MinHeapSize                              = 8388608                                   {product} {ergonomic}
    uintx NonNMethodCodeHeapSize                   = 5839372                                {pd product} {ergonomic}
    uintx NonProfiledCodeHeapSize                  = 122909434                              {pd product} {ergonomic}
    uintx ProfiledCodeHeapSize                     = 122909434                              {pd product} {ergonomic}
    uintx ReservedCodeCacheSize                    = 251658240                              {pd product} {ergonomic}
     bool SegmentedCodeCache                       = true                                      {product} {ergonomic}
     bool ShowCodeDetailsInExceptionMessages       = true                                   {manageable} {command line}
   size_t SoftMaxHeapSize                          = 4294967296                             {manageable} {ergonomic}
     bool UseCompressedClassPointers               = true                                 {lp64_product} {ergonomic}
     bool UseCompressedOops                        = true                                 {lp64_product} {ergonomic}
     bool UseG1GC                                  = true                                      {product} {ergonomic}
     bool UseNUMA                                  = false                                     {product} {ergonomic}
     bool UseNUMAInterleaving                      = false                                     {product} {ergonomic}

Logging:
Log output configuration:
 #0: stdout all=warning uptime,level,tags
 #1: stderr all=off uptime,level,tags

Environment Variables:
PATH=/usr/bin:/bin:/usr/sbin:/sbin
SHELL=/bin/zsh

Signal Handlers:
SIGSEGV: [libjvm.dylib+0xa01020], sa_mask[0]=11111111111111111111111111111111, sa_flags=SA_ONSTACK|SA_RESTART|SA_SIGINFO
SIGBUS: [libjvm.dylib+0xa01020], sa_mask[0]=11111111111111111111111111111111, sa_flags=SA_RESTART|SA_SIGINFO
SIGFPE: [libjvm.dylib+0xa01020], sa_mask[0]=11111111111111111111111111111111, sa_flags=SA_RESTART|SA_SIGINFO
SIGPIPE: [libjvm.dylib+0x82c500], sa_mask[0]=11111111111111111111111111111111, sa_flags=SA_RESTART|SA_SIGINFO
SIGXFSZ: [libjvm.dylib+0x82c500], sa_mask[0]=11111111111111111111111111111111, sa_flags=SA_RESTART|SA_SIGINFO
SIGILL: [libjvm.dylib+0xa01020], sa_mask[0]=11111111111111111111111111111111, sa_flags=SA_RESTART|SA_SIGINFO
SIGUSR2: [libjvm.dylib+0x82d010], sa_mask[0]=00100000000000000000000000000000, sa_flags=SA_RESTART|SA_SIGINFO
SIGHUP: [libjvm.dylib+0x82b710], sa_mask[0]=11111111111111111111111111111111, sa_flags=SA_RESTART|SA_SIGINFO
SIGINT: [libjvm.dylib+0x82b710], sa_mask[0]=11111111111111111111111111111111, sa_flags=SA_RESTART|SA_SIGINFO
SIGTERM: [libjvm.dylib+0x82b710], sa_mask[0]=11111111111111111111111111111111, sa_flags=SA_RESTART|SA_SIGINFO
SIGQUIT: [libjvm.dylib+0x82b710], sa_mask[0]=11111111111111111111111111111111, sa_flags=SA_RESTART|SA_SIGINFO


---------------  S Y S T E M  ---------------

OS:uname: Darwin 20.3.0 Darwin Kernel Version 20.3.0: Thu Jan 21 00:06:51 PST 2021; root:xnu-7195.81.3~1/RELEASE_ARM64_T8101 x86_64
OS uptime: 26 days 10:51 hours
rlimit (soft/hard): STACK 8176k/65520k , CORE 0k/infinity , NPROC 2666/4000 , NOFILE 10240/infinity , AS infinity/infinity , CPU infinity/infinity , DATA infinity/infinity , FSIZE infinity/infinity , MEMLOCK infinity/infinity , RSS infinity/infinity
load average: 1.68 1.68 1.86

CPU: total 8 (initial active 8) (1 cores per cpu, 1 threads per core) family 6 model 44 stepping 0 microcode 0x0, cmov, cx8, fxsr, mmx, sse, sse2, sse3, ssse3, sse4.1, sse4.2, popcnt, aes, clmul, tsc, tscinvbit, tscinv, clflush

Memory: 4k page, physical 16777216k(343220k free), swap 0k(0k free)

vm_info: OpenJDK 64-Bit Server VM (15.0.2+7-27) for bsd-amd64 JRE (15.0.2+7-27), built on Dec  7 2020 20:01:12 by "mach5one" with clang 4.2.1 Compatible Apple LLVM 10.0.0 (clang-1000.11.45.5)

END.
